[Info] Image dimension = 32 x 32
Loading file: data/train2.dat (try to find out how many data) ... [Done]
Loading file: data/train2.dat (try to find out how many data) ... [Done]
Loading file: data/train2.dat (try to find out how many data) ... [Done]
+--------------------------------+-----------+
| Number of input feature (data) |      4916 |
| Dimension of  input feature    |      1024 |
+--------------------------------+-----------+
+--------------------------------+-----------+
| Number of input feature (data) |      1228 |
| Dimension of  input feature    |      1024 |
+--------------------------------+-----------+
Initializing 1 x 10 kernels of size 5 x 5
1.0050e-01 -8.9349e-02 -6.6774e-03 1.2295e-01 -1.4289e-01
-3.1201e-02 -4.8678e-02 3.8071e-02 4.0092e-02 -7.5956e-02
8.3633e-02 7.9240e-02 -3.9945e-02 6.4194e-02 -1.0717e-01
8.8165e-02 -6.5650e-02 3.9589e-03 -1.0588e-01 8.9860e-02
1.2161e-01 1.5944e-02 1.3360e-01 3.1601e-02 -1.0142e-01
-2.9263e-02 3.8205e-03 7.1749e-03 7.9010e-03 -4.3587e-02
-1.0937e-01 1.0018e-01 -1.8957e-03 7.9738e-02 9.0908e-02
-1.1557e-01 3.3276e-02 1.3967e-01 -2.9474e-02 1.2379e-01
1.4739e-01 -6.0256e-02 -6.1295e-02 1.1567e-01 -1.2710e-01
-8.3232e-02 4.0636e-02 8.0164e-02 -6.4013e-02 1.3274e-01
7.6795e-03 -4.4640e-02 -7.7317e-02 1.1746e-02 9.3372e-03
-1.2229e-01 -1.2875e-01 1.3903e-01 -3.6866e-02 -1.3611e-01
-9.0926e-02 -1.4179e-01 1.1882e-01 7.6883e-02 -1.8423e-02
4.8220e-02 -1.2496e-02 1.0367e-01 3.7032e-03 1.2757e-01
1.1528e-01 -1.2907e-01 -6.8932e-02 4.9549e-02 1.2727e-01
6.5274e-02 5.5498e-02 -5.0122e-02 1.3485e-01 1.2525e-01
-6.3724e-02 -9.8678e-02 -8.0068e-02 2.6186e-02 -3.0004e-02
7.0468e-02 -1.7694e-02 1.1621e-01 4.6471e-02 9.2988e-02
4.1352e-02 1.1228e-01 -4.4207e-02 1.0596e-01 5.4422e-02
-4.3117e-02 9.7252e-02 5.5146e-02 -1.7855e-02 1.2141e-01
-5.1726e-03 1.1257e-01 8.4491e-02 -6.6105e-02 -1.1723e-01
-8.3951e-02 4.1678e-02 -5.6881e-02 1.6675e-02 -1.1046e-01
1.3301e-01 -2.0102e-02 -1.5647e-02 -2.4667e-02 -1.3459e-03
1.2411e-01 3.5331e-02 -8.0913e-02 -9.7605e-02 7.6949e-02
-1.0409e-01 -6.4679e-02 -9.2309e-02 1.2018e-01 1.4321e-01
1.2851e-01 -6.0809e-02 6.8581e-02 -1.2569e-01 -7.6791e-02
5.4489e-02 -7.9095e-02 -1.1064e-01 1.3297e-01 8.7975e-02
-3.4508e-02 2.4960e-02 8.6697e-02 -1.3219e-01 6.8731e-02
7.3787e-02 -7.5505e-02 -9.9231e-02 6.3702e-03 4.6252e-02
-3.8799e-02 -1.0269e-01 7.2399e-02 -9.5654e-02 1.3808e-01
4.1199e-02 -1.2460e-01 2.1660e-02 -8.7347e-02 1.0946e-01
7.6731e-02 -1.2706e-01 7.5504e-02 1.1520e-01 -1.2634e-01
-1.2009e-01 -8.7251e-02 -1.3237e-01 -1.1064e-01 -1.4648e-01
-1.0786e-01 -1.1397e-02 -1.0109e-01 1.4706e-01 1.2498e-01
5.9705e-03 9.4439e-02 1.4771e-01 -1.3174e-01 2.7738e-02
-9.4424e-02 -4.1626e-02 -1.1827e-01 2.2739e-02 7.3206e-02
-9.9518e-02 1.5505e-02 9.1013e-03 1.1155e-01 9.8445e-02
-3.1997e-02 2.3465e-02 7.6010e-02 7.3208e-02 1.2566e-01
1.2202e-01 -1.4010e-02 -5.7815e-02 3.8083e-02 1.1027e-01
9.4444e-02 5.5358e-02 1.4541e-01 -1.3725e-01 9.7795e-02
1.4163e-01 -8.0989e-04 4.4226e-02 -5.4101e-02 -8.1637e-02
7.2027e-02 -9.9270e-02 -7.4433e-02 -5.0583e-02 4.4647e-02
1.1916e-01 9.7492e-02 3.8251e-02 -7.9341e-02 3.1568e-03
1.4286e-01 1.1490e-01 -8.0018e-02 -1.2580e-01 1.3928e-01
4.9300e-02 -1.2496e-01 5.9267e-02 3.9312e-02 -6.4980e-02
1.3621e-02 1.3126e-01 -1.4676e-01 5.1839e-02 -9.3779e-02
6.4776e-02 -1.4500e-02 -4.5807e-02 -5.0368e-03 3.5989e-02
-1.1424e-01 -4.8345e-02 2.9093e-02 -5.3365e-03 -1.3564e-01
-8.4244e-03 1.0271e-01 9.8447e-02 -5.7620e-02 -2.5411e-02
2.7338e-02 -1.9346e-02 -7.8614e-02 6.2655e-02 5.7897e-02
Initializing 10 x 10 kernels of size 3 x 3
6.3513e-02 -1.1516e-01 8.4250e-02
5.0259e-02 3.9840e-02 -6.2669e-02
-5.5825e-02 4.6431e-02 8.7796e-02
-1.0874e-01 5.5915e-02 -1.5057e-01
1.5370e-01 -8.8634e-02 -8.7454e-02
6.7464e-02 1.1846e-02 1.3780e-01
6.7963e-02 -5.0536e-02 6.0818e-02
-1.4835e-01 2.8003e-02 -7.7127e-02
-1.4194e-01 3.4036e-02 1.0070e-01
-7.7273e-02 1.7686e-01 -6.1535e-02
-6.2206e-02 -1.8127e-01 -1.1385e-01
-1.1329e-01 1.1955e-01 -2.3188e-02
1.6747e-01 7.2692e-02 -4.2419e-02
1.5297e-01 -1.3834e-01 1.0015e-01
9.6717e-02 6.7839e-02 1.6178e-01
1.5200e-01 1.0723e-01 1.4786e-01
1.3215e-01 1.7542e-02 1.4958e-01
-1.0825e-01 -7.4020e-02 1.3656e-01
-6.7775e-04 -8.2556e-02 -1.3269e-02
2.7824e-02 1.3313e-01 1.2742e-01
-1.2314e-01 -2.7756e-03 -1.4688e-03
-7.6297e-02 8.3090e-02 -2.7672e-03
-1.1669e-01 -1.3180e-01 1.2347e-01
6.7252e-02 3.7650e-02 8.1885e-02
-1.1750e-01 -1.3830e-01 -6.3971e-02
-1.0152e-01 -1.3210e-01 1.5771e-01
-5.3842e-04 -5.0959e-02 1.4916e-01
4.4583e-02 -1.4334e-03 5.7997e-02
1.2299e-01 -6.0260e-02 3.9758e-02
1.1616e-01 -3.8586e-02 -8.8035e-02
-1.2735e-01 5.3753e-02 -6.1569e-02
-1.5608e-01 -4.9807e-02 -1.4929e-01
-1.4319e-01 -7.7313e-02 -2.6536e-02
1.5866e-01 5.7966e-02 -1.2515e-01
3.0516e-02 9.5588e-02 1.3987e-01
-8.5641e-02 -4.5911e-03 4.5886e-02
6.4685e-03 -2.6948e-02 -9.3359e-02
-1.0668e-01 1.2048e-01 -6.3531e-02
2.1018e-02 -3.8564e-02 8.3750e-02
5.0629e-02 1.4517e-01 -1.8060e-01
1.7704e-01 -1.3289e-01 1.0344e-01
-5.9065e-02 -3.2576e-02 1.0019e-01
-7.5338e-02 8.0700e-02 1.7763e-01
-1.4070e-01 -1.6462e-01 7.5918e-02
1.3347e-01 -1.8584e-02 -1.0557e-01
-9.5326e-03 -1.4622e-01 5.7372e-02
1.3335e-01 -4.2760e-02 1.1287e-01
-1.4828e-01 -7.2386e-02 -1.3448e-01
-1.6377e-01 1.0256e-01 -1.3908e-01
-1.6307e-01 7.0136e-02 3.2731e-02
-1.5440e-02 -2.0974e-02 2.8713e-02
1.0918e-02 -7.1465e-02 -1.2056e-01
3.4706e-02 1.4194e-01 4.0067e-02
-5.0421e-02 -8.5501e-03 9.4015e-03
4.3425e-02 1.2043e-01 1.5472e-01
3.5126e-02 -1.5698e-01 -1.2063e-01
-9.7255e-02 -1.4648e-01 -6.6700e-03
-1.0024e-01 -5.2146e-02 1.1499e-01
1.1932e-01 1.3813e-01 5.8112e-02
-7.6379e-02 -5.6872e-02 -1.6931e-01
-8.8560e-02 1.2273e-01 -1.1027e-01
1.0161e-01 -7.0051e-02 4.1058e-02
4.5996e-02 -1.0187e-01 -1.4251e-01
6.3757e-02 -1.0942e-01 -2.4097e-02
1.0307e-01 -3.6081e-02 -9.8226e-02
8.0136e-02 -6.7312e-02 -4.1719e-02
1.1994e-02 -1.7725e-01 -7.1055e-02
-1.2608e-01 -4.3739e-02 8.6689e-02
2.0228e-02 -4.3026e-02 -8.7473e-02
5.4648e-02 6.7913e-02 -6.8666e-02
1.9103e-02 1.1312e-01 5.3271e-02
1.5321e-01 7.2244e-02 -1.8038e-01
1.2035e-02 5.2104e-02 -5.0334e-02
1.2558e-01 6.7607e-03 7.9919e-02
4.3251e-02 -3.6256e-02 1.1024e-01
6.4928e-02 -1.5937e-01 4.3437e-02
-1.2675e-01 6.7816e-02 7.3140e-02
-1.7056e-01 -1.1407e-01 2.4768e-02
-1.8216e-01 -8.7062e-02 -1.1642e-01
-1.8049e-01 5.6732e-02 -5.7929e-02
-7.1117e-02 1.3056e-01 6.1104e-02
1.3839e-01 1.4059e-01 1.2638e-03
5.5979e-02 -1.1456e-01 1.2012e-01
-6.8199e-02 -1.2520e-01 6.4140e-02
1.4758e-01 7.5245e-02 8.7256e-02
-1.1279e-01 1.3471e-01 1.5792e-01
-3.8515e-02 1.7307e-02 -9.7451e-02
1.5576e-01 -2.0423e-03 1.0942e-01
1.8784e-02 1.9195e-02 1.1471e-01
1.5826e-01 1.6035e-01 3.4506e-02
5.7402e-02 -6.4068e-02 5.0307e-02
1.8086e-01 1.3668e-01 9.4692e-02
1.5915e-01 3.2555e-02 1.0057e-01
1.0769e-01 -1.0748e-02 1.3331e-01
-8.6619e-02 -1.2161e-01 1.3621e-01
3.8114e-02 1.0790e-01 6.0036e-02
-3.1957e-02 5.3166e-02 2.8855e-02
4.0890e-02 1.4079e-02 -1.7054e-01
3.5383e-02 -1.2841e-01 7.3362e-02
6.6277e-03 -1.4144e-01 -1.6486e-01
1.2145e-01 -3.7209e-03 1.1478e-01
5.4952e-03 3.7789e-03 -4.2117e-02
5.0265e-02 -3.1739e-02 -1.7620e-01
-1.7482e-02 -9.2371e-02 7.9455e-02
-1.3000e-01 -3.4044e-02 2.6919e-02
1.1427e-01 -8.2664e-03 -1.5546e-01
3.0191e-02 1.8081e-01 5.1401e-02
-1.9447e-02 -1.6113e-01 3.5522e-02
-1.0129e-01 1.5464e-01 -2.2434e-02
-1.0232e-01 8.6883e-02 1.2802e-01
4.7558e-02 -1.3564e-02 1.6529e-01
1.6392e-01 -6.0772e-02 -8.1971e-03
1.4573e-01 1.3416e-02 1.6425e-01
9.7500e-02 -1.0256e-01 -1.2353e-02
1.4033e-01 -1.5322e-02 1.4781e-01
1.7063e-01 1.0232e-01 -8.8517e-02
-1.1547e-01 9.7293e-02 9.5527e-02
1.6925e-01 2.2195e-02 -1.1282e-01
-6.1401e-02 1.9882e-02 -8.0475e-03
-3.5646e-02 4.4609e-02 -5.1082e-02
5.6189e-02 3.8904e-02 -4.6171e-02
1.5209e-01 1.3344e-01 -1.0991e-01
-1.0564e-01 -1.4249e-01 5.3502e-02
3.3846e-02 -1.6108e-01 -9.3980e-02
6.4468e-02 2.2227e-02 -1.7567e-01
3.5179e-02 2.3230e-02 -5.7021e-02
-1.7926e-01 9.8841e-02 -1.1938e-01
1.5471e-01 1.4138e-01 -1.8994e-02
3.7036e-02 1.5821e-01 -4.4838e-03
1.0780e-01 -1.2585e-01 -4.8920e-02
5.0759e-02 -7.5626e-02 1.4585e-01
1.7004e-01 1.3956e-01 9.0425e-02
-8.8345e-03 -1.3791e-01 7.9846e-02
-8.2893e-02 1.3353e-01 1.5502e-01
1.6309e-01 4.4984e-02 -1.1536e-01
-7.9499e-02 4.6054e-02 -9.9484e-02
-1.2153e-01 -1.1822e-01 1.6319e-01
-1.0846e-01 -1.3632e-01 -1.7751e-01
-1.2385e-01 5.4241e-02 4.1710e-02
-1.3876e-01 1.5162e-01 -1.5681e-01
-1.3931e-02 -1.4575e-01 -3.8798e-02
-1.3032e-03 -9.3453e-02 -1.1294e-01
-2.3156e-02 1.5058e-01 -1.6990e-01
-7.5521e-02 2.4160e-02 -2.4887e-02
1.1462e-01 1.8183e-01 -1.0920e-01
9.2522e-02 -1.6955e-01 5.9078e-02
-5.2442e-02 8.5986e-03 7.2952e-02
-6.2946e-02 -5.7882e-02 1.1076e-01
1.4217e-01 -1.6426e-01 7.2560e-02
5.3572e-02 9.7386e-02 6.6428e-02
1.4759e-01 -7.3784e-02 3.3269e-02
-6.8305e-02 1.1297e-01 -1.6306e-01
9.2192e-02 -1.1354e-01 -1.4553e-01
-1.2515e-01 3.2542e-02 1.6267e-01
-9.3424e-02 -1.6138e-01 -1.6212e-01
-1.3285e-01 1.4224e-01 1.5527e-01
-1.1301e-02 -1.2092e-01 1.1522e-01
-8.8742e-02 3.0886e-02 1.5558e-01
3.1772e-02 -8.6341e-03 9.6847e-03
3.0033e-02 -8.6112e-02 -1.7649e-01
8.3764e-02 4.8778e-02 1.5757e-01
-1.0033e-01 1.3940e-02 -5.5668e-02
-1.0746e-01 -7.0412e-02 -2.0690e-02
8.2628e-03 6.5692e-02 -8.4341e-02
-3.6155e-02 5.2995e-02 7.4193e-02
-6.1019e-02 -8.8325e-02 1.2602e-01
-1.0424e-01 6.7032e-02 1.2868e-01
9.4650e-02 -1.7667e-01 3.6793e-02
-6.5187e-02 1.2707e-01 -1.5583e-01
6.1330e-02 -9.1210e-02 5.2516e-03
9.7970e-03 -8.9013e-02 1.4234e-01
4.0682e-02 1.6759e-01 -5.1142e-02
1.1332e-02 8.6448e-02 -1.6654e-01
1.1733e-01 -5.6978e-02 -1.7386e-01
-1.8072e-01 7.6047e-02 -1.1878e-02
-4.6541e-03 1.1690e-01 -1.5400e-01
-7.5627e-02 2.7056e-03 -1.1284e-01
-5.9708e-03 -1.5175e-01 4.0620e-02
1.5460e-01 -9.3165e-02 -1.4867e-01
-1.6673e-01 7.7176e-02 1.6854e-01
1.3418e-01 9.3946e-02 2.8705e-02
-1.2193e-01 1.0133e-01 8.6344e-02
-8.7828e-03 -1.8003e-01 8.8997e-02
1.5430e-01 1.6302e-01 -9.5187e-02
-1.4737e-01 -1.4552e-01 1.1310e-01
1.0503e-01 -8.2196e-02 -1.4787e-01
9.0093e-02 1.5983e-01 1.7568e-01
-8.1350e-02 9.5253e-02 1.2608e-01
-1.1929e-01 -1.4727e-01 -5.7862e-02
7.0278e-02 5.6243e-02 -1.3511e-01
-1.5879e-02 -6.4272e-02 -1.5290e-01
-2.3954e-02 3.6695e-02 -4.4549e-02
-1.3256e-01 1.3901e-01 6.1464e-02
5.8379e-02 3.0106e-02 1.0547e-02
-1.4078e-01 -1.0558e-01 -6.8522e-02
1.6184e-01 -1.6860e-01 -1.0532e-01
9.7935e-02 5.4538e-03 -1.7290e-02
-1.3799e-01 -3.6770e-02 -1.2409e-01
-7.0018e-02 5.4694e-02 -1.5183e-01
-2.4188e-02 -1.3648e-01 1.0233e-01
-1.8059e-01 -1.3894e-02 1.0441e-01
6.7434e-02 -1.5969e-01 -1.1789e-01
1.4979e-01 -1.6535e-01 1.5623e-01
1.3408e-01 9.8864e-03 -1.4258e-01
-4.0898e-02 7.3154e-02 1.1773e-01
3.5124e-02 1.4392e-02 2.8364e-02
5.0540e-02 -3.4099e-02 1.5393e-01
-1.0161e-01 -4.3129e-02 -4.1144e-02
1.0562e-01 -1.4698e-01 9.0293e-02
-4.5935e-02 1.1245e-01 1.5854e-01
1.2754e-01 4.9369e-02 8.7683e-04
1.2103e-01 5.8930e-03 2.8778e-02
7.8299e-02 4.5519e-02 6.2747e-02
-1.7181e-01 -1.3182e-01 1.0130e-01
9.3458e-02 -1.3001e-01 1.2571e-01
3.6408e-02 -1.1104e-01 8.5924e-02
-1.1538e-01 -1.4402e-01 -7.3843e-03
6.0873e-02 1.4184e-01 -8.3867e-02
-6.8287e-02 -1.4524e-01 -1.0965e-01
-7.7508e-02 -1.0154e-01 1.5933e-01
5.7563e-02 2.5249e-03 -1.3068e-01
1.6322e-01 1.0168e-01 -7.5001e-02
2.2277e-02 -9.7550e-02 1.2143e-01
5.2771e-02 6.3534e-02 1.1429e-01
1.3635e-01 4.7235e-02 9.9795e-02
-1.7218e-01 9.6313e-02 -1.5455e-01
3.3012e-02 1.0021e-01 1.3876e-01
4.2935e-02 -7.8766e-02 -1.1950e-01
-1.1722e-01 -4.4289e-02 -6.3641e-02
-5.1199e-02 5.3868e-02 1.3490e-01
-2.0798e-02 -1.4581e-01 3.9290e-02
-1.4454e-01 -3.6962e-02 -8.3185e-02
1.1166e-01 -4.8639e-02 3.6385e-02
9.1184e-02 -3.8619e-02 -1.5766e-01
1.4662e-01 6.3846e-02 -7.5793e-02
-2.4757e-02 -1.4368e-02 -1.0063e-01
1.3921e-01 -1.0356e-02 -9.2722e-02
2.8015e-02 9.1084e-02 -1.1229e-01
-7.2603e-02 -7.2462e-03 1.3104e-01
-1.3654e-01 -5.1611e-03 -1.3387e-01
-7.5523e-02 1.4634e-01 5.4951e-02
-1.1518e-01 -7.7137e-02 6.8475e-02
-1.8154e-01 1.1269e-01 -1.1852e-01
-1.6624e-01 -1.4133e-01 1.8045e-01
1.6786e-01 1.3192e-01 1.3187e-02
1.0044e-01 -1.0689e-01 6.1311e-02
-1.2475e-02 7.7377e-02 1.2342e-01
1.1997e-01 -3.4591e-02 -1.2608e-01
1.4326e-01 -1.1192e-01 6.3407e-02
-6.4320e-02 -1.5614e-02 -1.4581e-02
-5.5796e-02 5.1255e-02 1.5022e-02
1.1872e-02 7.9271e-02 -1.8044e-01
-8.4465e-02 -2.0413e-02 -1.0255e-01
-1.1260e-01 -9.6268e-02 -5.5019e-02
7.0609e-02 5.5899e-02 5.2405e-03
-2.6871e-02 -1.4813e-01 1.7770e-01
-5.7138e-02 1.1296e-01 7.7633e-03
-1.6415e-01 1.3840e-01 -7.8770e-02
-1.1680e-01 1.2918e-01 -4.1518e-02
-5.1396e-02 6.6858e-02 -1.3133e-01
-2.2278e-02 1.0450e-01 -2.6818e-02
-1.4482e-01 -1.4269e-01 1.1050e-01
3.6663e-02 1.3477e-01 -6.8214e-02
1.7078e-01 -1.2440e-01 -3.8091e-02
-1.6180e-02 1.7164e-01 -1.7509e-01
1.1810e-02 1.6751e-01 -1.6319e-01
8.9464e-02 -1.5025e-01 1.4529e-01
1.4588e-01 -1.1546e-01 4.4837e-02
-1.6807e-01 -1.0230e-01 -1.5569e-01
-2.9524e-02 1.0165e-01 -1.4062e-02
-3.3237e-02 1.2252e-01 1.1072e-01
-1.4629e-02 2.3124e-02 6.3010e-02
3.7182e-02 -1.0873e-01 -1.5653e-01
1.6890e-01 -5.1765e-02 -1.4487e-01
-9.0689e-03 1.5733e-01 1.4639e-01
-4.2171e-02 1.5221e-01 1.3715e-01
-1.1255e-01 -1.4984e-01 3.2129e-03
1.5388e-01 1.1719e-01 -1.8085e-01
1.5653e-01 1.7103e-01 -1.1384e-01
-7.7707e-02 9.0805e-02 -5.4588e-02
4.6563e-02 -1.6925e-01 1.3585e-01
-8.6947e-02 8.0998e-02 -7.8452e-02
1.9257e-02 4.5300e-02 -1.7945e-01
6.3994e-02 5.0320e-02 1.8113e-01
1.6713e-01 -2.4511e-02 -4.9760e-02
1.5534e-01 1.0992e-01 8.3875e-02
-1.4632e-01 -7.6295e-02 -4.3558e-02
-8.5947e-02 -1.1465e-01 -1.8003e-01
7.2335e-02 1.4107e-01 -1.2845e-01
1.4223e-01 -1.1805e-01 1.5533e-01
-1.7831e-01 5.0828e-02 6.4155e-02
1.3512e-01 -1.2590e-01 -1.4134e-01
-8.1836e-02 1.2000e-01 -1.7278e-02
1.7426e-02 -1.0115e-01 1.3174e-01
1.6718e-02 1.4953e-01 -1.1899e-01
-1.4150e-02 -4.1383e-02 -1.1404e-01
1.3029e-01 1.6655e-01 -9.2321e-02
-5.1061e-02 -4.8521e-02 -4.4256e-02
1.5241e-01 4.2171e-02 6.7017e-04
4.6695e-02 6.3502e-03 7.0872e-02
+--------------+---------------+--------------+---------------+
| # input maps | # output maps | kernel width | kernel height |
+--------------+---------------+--------------+---------------+
|      1       |       10      |      5       |       5       |
+-------------------------------------------------------------+
|                Sub-Sampling Factor = 2                      |
+--------------+---------------+--------------+---------------+
|      10      |       10      |      3       |       3       |
+-------------------------------------------------------------+
|                Sub-Sampling Factor = 2                      |
+-------------------------------------------------------------+
Epoch #0: Training Accuracy = 8.8080 % ( 433 / 4916 ), Validation Accuracy = 8.8762 % ( 109 / 1228 ), elapsed 3.955 seconds.
Epoch #1: Training Accuracy = 8.8080 % ( 433 / 4916 ), Validation Accuracy = 8.8762 % ( 109 / 1228 ), elapsed 3.814 seconds.
Epoch #2: Training Accuracy = 8.8080 % ( 433 / 4916 ), Validation Accuracy = 8.8762 % ( 109 / 1228 ), elapsed 3.802 seconds.
Epoch #3: Training Accuracy = 12.3271 % ( 606 / 4916 ), Validation Accuracy = 12.2964 % ( 151 / 1228 ), elapsed 3.829 seconds.
Epoch #4: Training Accuracy = 17.4736 % ( 859 / 4916 ), Validation Accuracy = 18.2410 % ( 224 / 1228 ), elapsed 3.818 seconds.
Epoch #5: Training Accuracy = 25.1221 % ( 1235 / 4916 ), Validation Accuracy = 26.3844 % ( 324 / 1228 ), elapsed 3.813 seconds.
Epoch #6: Training Accuracy = 32.0789 % ( 1577 / 4916 ), Validation Accuracy = 33.2248 % ( 408 / 1228 ), elapsed 3.844 seconds.
Epoch #7: Training Accuracy = 41.0903 % ( 2020 / 4916 ), Validation Accuracy = 39.8208 % ( 489 / 1228 ), elapsed 3.990 seconds.
Epoch #8: Training Accuracy = 44.7722 % ( 2201 / 4916 ), Validation Accuracy = 43.0782 % ( 529 / 1228 ), elapsed 4.157 seconds.
Epoch #9: Training Accuracy = 47.3352 % ( 2327 / 4916 ), Validation Accuracy = 45.6026 % ( 560 / 1228 ), elapsed 3.824 seconds.
Epoch #10: Training Accuracy = 49.8983 % ( 2453 / 4916 ), Validation Accuracy = 47.3941 % ( 582 / 1228 ), elapsed 3.824 seconds.
Epoch #11: Training Accuracy = 52.1969 % ( 2566 / 4916 ), Validation Accuracy = 50.2443 % ( 617 / 1228 ), elapsed 3.830 seconds.
Epoch #12: Training Accuracy = 54.5362 % ( 2681 / 4916 ), Validation Accuracy = 53.0130 % ( 651 / 1228 ), elapsed 4.219 seconds.
Epoch #13: Training Accuracy = 56.9162 % ( 2798 / 4916 ), Validation Accuracy = 54.6417 % ( 671 / 1228 ), elapsed 3.812 seconds.
Epoch #14: Training Accuracy = 59.5199 % ( 2926 / 4916 ), Validation Accuracy = 57.7362 % ( 709 / 1228 ), elapsed 3.822 seconds.
Epoch #15: Training Accuracy = 62.9984 % ( 3097 / 4916 ), Validation Accuracy = 60.0977 % ( 738 / 1228 ), elapsed 3.801 seconds.
Epoch #16: Training Accuracy = 64.3002 % ( 3161 / 4916 ), Validation Accuracy = 62.4593 % ( 767 / 1228 ), elapsed 3.812 seconds.
Epoch #17: Training Accuracy = 66.6192 % ( 3275 / 4916 ), Validation Accuracy = 66.5309 % ( 817 / 1228 ), elapsed 3.814 seconds.
Epoch #18: Training Accuracy = 68.6534 % ( 3375 / 4916 ), Validation Accuracy = 68.1596 % ( 837 / 1228 ), elapsed 3.815 seconds.
Epoch #19: Training Accuracy = 70.8706 % ( 3484 / 4916 ), Validation Accuracy = 70.5212 % ( 866 / 1228 ), elapsed 4.209 seconds.
Epoch #20: Training Accuracy = 72.1318 % ( 3546 / 4916 ), Validation Accuracy = 71.6612 % ( 880 / 1228 ), elapsed 3.810 seconds.
Epoch #21: Training Accuracy = 75.2034 % ( 3697 / 4916 ), Validation Accuracy = 73.7785 % ( 906 / 1228 ), elapsed 3.820 seconds.
Epoch #22: Training Accuracy = 76.3019 % ( 3751 / 4916 ), Validation Accuracy = 75.8143 % ( 931 / 1228 ), elapsed 3.812 seconds.
Epoch #23: Training Accuracy = 76.7087 % ( 3771 / 4916 ), Validation Accuracy = 75.5700 % ( 928 / 1228 ), elapsed 3.844 seconds.
Epoch #24: Training Accuracy = 77.3596 % ( 3803 / 4916 ), Validation Accuracy = 76.6287 % ( 941 / 1228 ), elapsed 3.815 seconds.
Epoch #25: Training Accuracy = 76.8714 % ( 3779 / 4916 ), Validation Accuracy = 75.6515 % ( 929 / 1228 ), elapsed 3.837 seconds.
Epoch #26: Training Accuracy = 79.8210 % ( 3924 / 4916 ), Validation Accuracy = 78.5016 % ( 964 / 1228 ), elapsed 3.828 seconds.
Epoch #27: Training Accuracy = 82.0382 % ( 4033 / 4916 ), Validation Accuracy = 81.0261 % ( 995 / 1228 ), elapsed 4.276 seconds.
[Info] Done. Elasped time: 114.03 secs
# of total epoch = 1024
